# JRE version: OpenJDK Runtime Environment Temurin-21.0.10+7 (21.0.10+7) (build 21.0.10+7-LTS)
# Java VM: OpenJDK 64-Bit Server VM Temurin-21.0.10+7 (21.0.10+7-LTS, mixed mode, sharing, tiered, compressed oops, compressed class ptrs, parallel gc, windows-amd64)
GC Precious Log:
 CardTable entry size: 512
 CPUs: 12 total, 12 available
 Memory: 7832M
 Large Page Support: Disabled
 NUMA Support: Disabled
 Compressed Oops: Enabled (32-bit)
 Alignments: Space 512K, Generation 512K, Heap 2M
 Heap Min Capacity: 100M
 Heap Initial Capacity: 100M
 Heap Max Capacity: 2G
 Pre-touch: Disabled
 Parallel Workers: 10
Heap:
 PSYoungGen      total 18944K, used 18459K [0x00000000d5580000, 0x00000000d6c00000, 0x0000000100000000)
  eden space 17920K, 99% used [0x00000000d5580000,0x00000000d66dc160,0x00000000d6700000)
  from space 1024K, 66% used [0x00000000d6b00000,0x00000000d6baae98,0x00000000d6c00000)
  to   space 2048K, 0% used [0x00000000d6800000,0x00000000d6800000,0x00000000d6a00000)
 ParOldGen       total 68608K, used 48494K [0x0000000080000000, 0x0000000084300000, 0x00000000d5580000)
  object space 68608K, 70% used [0x0000000080000000,0x0000000082f5b898,0x0000000084300000)
 Metaspace       used 65845K, committed 67264K, reserved 1114112K
  class space    used 7003K, committed 7616K, reserved 1048576K
GC Heap History (20 events):
Event: 73.038 GC heap before
{Heap before GC invocations=32 (full 2):
 PSYoungGen      total 18944K, used 18942K [0x00000000d5580000, 0x00000000d6b80000, 0x0000000100000000)
  eden space 17920K, 100% used [0x00000000d5580000,0x00000000d6700000,0x00000000d6700000)
  from space 1024K, 99% used [0x00000000d6980000,0x00000000d6a7f888,0x00000000d6a80000)
  to   space 1024K, 0% used [0x00000000d6a80000,0x00000000d6a80000,0x00000000d6b80000)
 ParOldGen       total 68608K, used 41251K [0x0000000080000000, 0x0000000084300000, 0x00000000d5580000)
  object space 68608K, 60% used [0x0000000080000000,0x0000000082848dd8,0x0000000084300000)
 Metaspace       used 51724K, committed 52800K, reserved 1114112K
  class space    used 5587K, committed 6080K, reserved 1048576K
}
Event: 73.042 GC heap after
{Heap after GC invocations=32 (full 2):
 PSYoungGen      total 18944K, used 918K [0x00000000d5580000, 0x00000000d6b80000, 0x0000000100000000)
  eden space 17920K, 0% used [0x00000000d5580000,0x00000000d5580000,0x00000000d6700000)
  from space 1024K, 89% used [0x00000000d6a80000,0x00000000d6b65a28,0x00000000d6b80000)
  to   space 1536K, 0% used [0x00000000d6880000,0x00000000d6880000,0x00000000d6a00000)
 ParOldGen       total 68608K, used 41951K [0x0000000080000000, 0x0000000084300000, 0x00000000d5580000)
  object space 68608K, 61% used [0x0000000080000000,0x00000000828f7f50,0x0000000084300000)
 Metaspace       used 51724K, committed 52800K, reserved 1114112K
  class space    used 5587K, committed 6080K, reserved 1048576K
}
Event: 73.813 GC heap before
{Heap before GC invocations=33 (full 2):
 PSYoungGen      total 18944K, used 18807K [0x00000000d5580000, 0x00000000d6b80000, 0x0000000100000000)
  eden space 17920K, 99% used [0x00000000d5580000,0x00000000d66f8300,0x00000000d6700000)
  from space 1024K, 89% used [0x00000000d6a80000,0x00000000d6b65a28,0x00000000d6b80000)
  to   space 1536K, 0% used [0x00000000d6880000,0x00000000d6880000,0x00000000d6a00000)
 ParOldGen       total 68608K, used 41951K [0x0000000080000000, 0x0000000084300000, 0x00000000d5580000)
  object space 68608K, 61% used [0x0000000080000000,0x00000000828f7f50,0x0000000084300000)
 Metaspace       used 53679K, committed 54848K, reserved 1114112K
  class space    used 5745K, committed 6272K, reserved 1048576K
}
Event: 73.817 GC heap after
{Heap after GC invocations=33 (full 2):
 PSYoungGen      total 19456K, used 925K [0x00000000d5580000, 0x00000000d6b00000, 0x0000000100000000)
  eden space 17920K, 0% used [0x00000000d5580000,0x00000000d5580000,0x00000000d6700000)
  from space 1536K, 60% used [0x00000000d6880000,0x00000000d6967780,0x00000000d6a00000)
  to   space 1024K, 0% used [0x00000000d6a00000,0x00000000d6a00000,0x00000000d6b00000)
 ParOldGen       total 68608K, used 41975K [0x0000000080000000, 0x0000000084300000, 0x00000000d5580000)
  object space 68608K, 61% used [0x0000000080000000,0x00000000828fdf50,0x0000000084300000)
 Metaspace       used 53679K, committed 54848K, reserved 1114112K
  class space    used 5745K, committed 6272K, reserved 1048576K
}
Event: 74.726 GC heap before
{Heap before GC invocations=34 (full 2):
 PSYoungGen      total 19456K, used 18832K [0x00000000d5580000, 0x00000000d6b00000, 0x0000000100000000)
  eden space 17920K, 99% used [0x00000000d5580000,0x00000000d66fc940,0x00000000d6700000)
  from space 1536K, 60% used [0x00000000d6880000,0x00000000d6967780,0x00000000d6a00000)
  to   space 1024K, 0% used [0x00000000d6a00000,0x00000000d6a00000,0x00000000d6b00000)
 ParOldGen       total 68608K, used 41975K [0x0000000080000000, 0x0000000084300000, 0x00000000d5580000)
  object space 68608K, 61% used [0x0000000080000000,0x00000000828fdf50,0x0000000084300000)
 Metaspace       used 56066K, committed 57344K, reserved 1114112K
  class space    used 6024K, committed 6592K, reserved 1048576K
}
Event: 74.730 GC heap after
{Heap after GC invocations=34 (full 2):
 PSYoungGen      total 18944K, used 864K [0x00000000d5580000, 0x00000000d6b00000, 0x0000000100000000)
  eden space 17920K, 0% used [0x00000000d5580000,0x00000000d5580000,0x00000000d6700000)
  from space 1024K, 84% used [0x00000000d6a00000,0x00000000d6ad83f8,0x00000000d6b00000)
  to   space 1024K, 0% used [0x00000000d6900000,0x00000000d6900000,0x00000000d6a00000)
 ParOldGen       total 68608K, used 42366K [0x0000000080000000, 0x0000000084300000, 0x00000000d5580000)
  object space 68608K, 61% used [0x0000000080000000,0x000000008295fae0,0x0000000084300000)
 Metaspace       used 56066K, committed 57344K, reserved 1114112K
  class space    used 6024K, committed 6592K, reserved 1048576K
}
Event: 75.447 GC heap before
{Heap before GC invocations=35 (full 2):
 PSYoungGen      total 18944K, used 18784K [0x00000000d5580000, 0x00000000d6b00000, 0x0000000100000000)
  eden space 17920K, 100% used [0x00000000d5580000,0x00000000d6700000,0x00000000d6700000)
  from space 1024K, 84% used [0x00000000d6a00000,0x00000000d6ad83f8,0x00000000d6b00000)
  to   space 1024K, 0% used [0x00000000d6900000,0x00000000d6900000,0x00000000d6a00000)
 ParOldGen       total 68608K, used 42366K [0x0000000080000000, 0x0000000084300000, 0x00000000d5580000)
  object space 68608K, 61% used [0x0000000080000000,0x000000008295fae0,0x0000000084300000)
 Metaspace       used 58342K, committed 59648K, reserved 1114112K
  class space    used 6253K, committed 6848K, reserved 1048576K
}
Event: 75.454 GC heap after
{Heap after GC invocations=35 (full 2):
 PSYoungGen      total 18944K, used 1019K [0x00000000d5580000, 0x00000000d6f00000, 0x0000000100000000)
  eden space 17920K, 0% used [0x00000000d5580000,0x00000000d5580000,0x00000000d6700000)
  from space 1024K, 99% used [0x00000000d6900000,0x00000000d69fec68,0x00000000d6a00000)
  to   space 4096K, 0% used [0x00000000d6b00000,0x00000000d6b00000,0x00000000d6f00000)
 ParOldGen       total 68608K, used 44746K [0x0000000080000000, 0x0000000084300000, 0x00000000d5580000)
  object space 68608K, 65% used [0x0000000080000000,0x0000000082bb28f0,0x0000000084300000)
 Metaspace       used 58342K, committed 59648K, reserved 1114112K
  class space    used 6253K, committed 6848K, reserved 1048576K
}
Event: 75.471 GC heap before
{Heap before GC invocations=36 (full 2):
 PSYoungGen      total 18944K, used 2837K [0x00000000d5580000, 0x00000000d6f00000, 0x0000000100000000)
  eden space 17920K, 10% used [0x00000000d5580000,0x00000000d5746a90,0x00000000d6700000)
  from space 1024K, 99% used [0x00000000d6900000,0x00000000d69fec68,0x00000000d6a00000)
  to   space 4096K, 0% used [0x00000000d6b00000,0x00000000d6b00000,0x00000000d6f00000)
 ParOldGen       total 68608K, used 44746K [0x0000000080000000, 0x0000000084300000, 0x00000000d5580000)
  object space 68608K, 65% used [0x0000000080000000,0x0000000082bb28f0,0x0000000084300000)
 Metaspace       used 58487K, committed 59776K, reserved 1114112K
  class space    used 6259K, committed 6848K, reserved 1048576K
}
Event: 75.474 GC heap after
{Heap after GC invocations=36 (full 2):
 PSYoungGen      total 18944K, used 731K [0x00000000d5580000, 0x00000000d6c00000, 0x0000000100000000)
  eden space 17920K, 0% used [0x00000000d5580000,0x00000000d5580000,0x00000000d6700000)
  from space 1024K, 71% used [0x00000000d6b00000,0x00000000d6bb6cf0,0x00000000d6c00000)
  to   space 2048K, 0% used [0x00000000d6800000,0x00000000d6800000,0x00000000d6a00000)
 ParOldGen       total 68608K, used 45800K [0x0000000080000000, 0x0000000084300000, 0x00000000d5580000)
  object space 68608K, 66% used [0x0000000080000000,0x0000000082cba298,0x0000000084300000)
 Metaspace       used 58487K, committed 59776K, reserved 1114112K
  class space    used 6259K, committed 6848K, reserved 1048576K
}
Event: 75.474 GC heap before
{Heap before GC invocations=37 (full 3):
 PSYoungGen      total 18944K, used 731K [0x00000000d5580000, 0x00000000d6c00000, 0x0000000100000000)
  eden space 17920K, 0% used [0x00000000d5580000,0x00000000d5580000,0x00000000d6700000)
  from space 1024K, 71% used [0x00000000d6b00000,0x00000000d6bb6cf0,0x00000000d6c00000)
  to   space 2048K, 0% used [0x00000000d6800000,0x00000000d6800000,0x00000000d6a00000)
 ParOldGen       total 68608K, used 45800K [0x0000000080000000, 0x0000000084300000, 0x00000000d5580000)
  object space 68608K, 66% used [0x0000000080000000,0x0000000082cba298,0x0000000084300000)
 Metaspace       used 58487K, committed 59776K, reserved 1114112K
  class space    used 6259K, committed 6848K, reserved 1048576K
}
Event: 75.627 GC heap after
{Heap after GC invocations=37 (full 3):
 PSYoungGen      total 18944K, used 0K [0x00000000d5580000, 0x00000000d6c00000, 0x0000000100000000)
  eden space 17920K, 0% used [0x00000000d5580000,0x00000000d5580000,0x00000000d6700000)
  from space 1024K, 0% used [0x00000000d6b00000,0x00000000d6b00000,0x00000000d6c00000)
  to   space 2048K, 0% used [0x00000000d6800000,0x00000000d6800000,0x00000000d6a00000)
 ParOldGen       total 68608K, used 42867K [0x0000000080000000, 0x0000000084300000, 0x00000000d5580000)
  object space 68608K, 62% used [0x0000000080000000,0x00000000829dced8,0x0000000084300000)
 Metaspace       used 58487K, committed 59776K, reserved 1114112K
  class space    used 6259K, committed 6848K, reserved 1048576K
}
Event: 76.567 GC heap before
{Heap before GC invocations=38 (full 3):
 PSYoungGen      total 18944K, used 17920K [0x00000000d5580000, 0x00000000d6c00000, 0x0000000100000000)
  eden space 17920K, 100% used [0x00000000d5580000,0x00000000d6700000,0x00000000d6700000)
  from space 1024K, 0% used [0x00000000d6b00000,0x00000000d6b00000,0x00000000d6c00000)
  to   space 2048K, 0% used [0x00000000d6800000,0x00000000d6800000,0x00000000d6a00000)
 ParOldGen       total 68608K, used 42867K [0x0000000080000000, 0x0000000084300000, 0x00000000d5580000)
  object space 68608K, 62% used [0x0000000080000000,0x00000000829dced8,0x0000000084300000)
 Metaspace       used 59248K, committed 60544K, reserved 1114112K
  class space    used 6341K, committed 6912K, reserved 1048576K
}
Event: 76.571 GC heap after
{Heap after GC invocations=38 (full 3):
 PSYoungGen      total 19968K, used 2035K [0x00000000d5580000, 0x00000000d6e00000, 0x0000000100000000)
  eden space 17920K, 0% used [0x00000000d5580000,0x00000000d5580000,0x00000000d6700000)
  from space 2048K, 99% used [0x00000000d6800000,0x00000000d69fce68,0x00000000d6a00000)
  to   space 3584K, 0% used [0x00000000d6a80000,0x00000000d6a80000,0x00000000d6e00000)
 ParOldGen       total 68608K, used 43819K [0x0000000080000000, 0x0000000084300000, 0x00000000d5580000)
  object space 68608K, 63% used [0x0000000080000000,0x0000000082acaf18,0x0000000084300000)
 Metaspace       used 59248K, committed 60544K, reserved 1114112K
  class space    used 6341K, committed 6912K, reserved 1048576K
}
Event: 76.909 GC heap before
{Heap before GC invocations=39 (full 3):
 PSYoungGen      total 19968K, used 19955K [0x00000000d5580000, 0x00000000d6e00000, 0x0000000100000000)
  eden space 17920K, 100% used [0x00000000d5580000,0x00000000d6700000,0x00000000d6700000)
  from space 2048K, 99% used [0x00000000d6800000,0x00000000d69fce68,0x00000000d6a00000)
  to   space 3584K, 0% used [0x00000000d6a80000,0x00000000d6a80000,0x00000000d6e00000)
 ParOldGen       total 68608K, used 43819K [0x0000000080000000, 0x0000000084300000, 0x00000000d5580000)
  object space 68608K, 63% used [0x0000000080000000,0x0000000082acaf18,0x0000000084300000)
 Metaspace       used 60770K, committed 62208K, reserved 1114112K
  class space    used 6495K, committed 7104K, reserved 1048576K
}
Event: 76.915 GC heap after
{Heap after GC invocations=39 (full 3):
 PSYoungGen      total 19968K, used 1967K [0x00000000d5580000, 0x00000000d6c80000, 0x0000000100000000)
  eden space 17920K, 0% used [0x00000000d5580000,0x00000000d5580000,0x00000000d6700000)
  from space 2048K, 96% used [0x00000000d6a80000,0x00000000d6c6bd20,0x00000000d6c80000)
  to   space 2560K, 0% used [0x00000000d6780000,0x00000000d6780000,0x00000000d6a00000)
 ParOldGen       total 68608K, used 45892K [0x0000000080000000, 0x0000000084300000, 0x00000000d5580000)
  object space 68608K, 66% used [0x0000000080000000,0x0000000082cd1138,0x0000000084300000)
 Metaspace       used 60770K, committed 62208K, reserved 1114112K
  class space    used 6495K, committed 7104K, reserved 1048576K
}
Event: 77.830 GC heap before
{Heap before GC invocations=40 (full 3):
 PSYoungGen      total 19968K, used 19887K [0x00000000d5580000, 0x00000000d6c80000, 0x0000000100000000)
  eden space 17920K, 100% used [0x00000000d5580000,0x00000000d6700000,0x00000000d6700000)
  from space 2048K, 96% used [0x00000000d6a80000,0x00000000d6c6bd20,0x00000000d6c80000)
  to   space 2560K, 0% used [0x00000000d6780000,0x00000000d6780000,0x00000000d6a00000)
 ParOldGen       total 68608K, used 45892K [0x0000000080000000, 0x0000000084300000, 0x00000000d5580000)
  object space 68608K, 66% used [0x0000000080000000,0x0000000082cd1138,0x0000000084300000)
 Metaspace       used 62213K, committed 63680K, reserved 1114112K
  class space    used 6632K, committed 7232K, reserved 1048576K
}
Event: 77.837 GC heap after
{Heap after GC invocations=40 (full 3):
 PSYoungGen      total 20480K, used 2553K [0x00000000d5580000, 0x00000000d6f00000, 0x0000000100000000)
  eden space 17920K, 0% used [0x00000000d5580000,0x00000000d5580000,0x00000000d6700000)
  from space 2560K, 99% used [0x00000000d6780000,0x00000000d69fe400,0x00000000d6a00000)
  to   space 4096K, 0% used [0x00000000d6b00000,0x00000000d6b00000,0x00000000d6f00000)
 ParOldGen       total 68608K, used 47006K [0x0000000080000000, 0x0000000084300000, 0x00000000d5580000)
  object space 68608K, 68% used [0x0000000080000000,0x0000000082de7820,0x0000000084300000)
 Metaspace       used 62213K, committed 63680K, reserved 1114112K
  class space    used 6632K, committed 7232K, reserved 1048576K
}
Event: 107.457 GC heap before
{Heap before GC invocations=41 (full 3):
 PSYoungGen      total 20480K, used 20473K [0x00000000d5580000, 0x00000000d6f00000, 0x0000000100000000)
  eden space 17920K, 100% used [0x00000000d5580000,0x00000000d6700000,0x00000000d6700000)
  from space 2560K, 99% used [0x00000000d6780000,0x00000000d69fe400,0x00000000d6a00000)
  to   space 4096K, 0% used [0x00000000d6b00000,0x00000000d6b00000,0x00000000d6f00000)
 ParOldGen       total 68608K, used 47006K [0x0000000080000000, 0x0000000084300000, 0x00000000d5580000)
  object space 68608K, 68% used [0x0000000080000000,0x0000000082de7820,0x0000000084300000)
 Metaspace       used 64169K, committed 65664K, reserved 1114112K
  class space    used 6868K, committed 7488K, reserved 1048576K
}
Event: 107.461 GC heap after
{Heap after GC invocations=41 (full 3):
 PSYoungGen      total 18944K, used 683K [0x00000000d5580000, 0x00000000d6c00000, 0x0000000100000000)
  eden space 17920K, 0% used [0x00000000d5580000,0x00000000d5580000,0x00000000d6700000)
  from space 1024K, 66% used [0x00000000d6b00000,0x00000000d6baae98,0x00000000d6c00000)
  to   space 2048K, 0% used [0x00000000d6800000,0x00000000d6800000,0x00000000d6a00000)
 ParOldGen       total 68608K, used 48494K [0x0000000080000000, 0x0000000084300000, 0x00000000d5580000)
  object space 68608K, 70% used [0x0000000080000000,0x0000000082f5b898,0x0000000084300000)
 Metaspace       used 64169K, committed 65664K, reserved 1114112K
  class space    used 6868K, committed 7488K, reserved 1048576K
}

